\BOOKMARK [1][-]{section.1}{\376\377\000S\000t\000a\000t\000i\000s\000t\000i\000c\000s\000\040\000R\000e\000f\000r\000e\000s\000h\000e\000r}{}% 1
\BOOKMARK [2][-]{subsection.1.1}{\376\377\000B\000a\000s\000i\000c\000\040\000S\000t\000a\000t\000i\000s\000t\000i\000c\000s\000\040\000a\000n\000\040\000s\000h\000i\000t}{section.1}% 2
\BOOKMARK [3][-]{subsubsection.1.1.1}{\376\377\000M\000e\000a\000n\000,\000\040\000V\000a\000r\000i\000a\000n\000c\000e\000\040\000a\000n\000d\000\040\000S\000t\000a\000n\000d\000a\000r\000d\000\040\000D\000e\000v\000i\000a\000t\000i\000o\000n\000.}{subsection.1.1}% 3
\BOOKMARK [3][-]{subsubsection.1.1.2}{\376\377\000P\000r\000o\000b\000a\000b\000i\000l\000i\000t\000y\000\040\000D\000i\000s\000t\000r\000i\000b\000u\000t\000i\000o\000n\000s}{subsection.1.1}% 4
\BOOKMARK [2][-]{subsection.1.2}{\376\377\000S\000t\000a\000t\000i\000s\000t\000i\000c\000a\000l\000\040\000m\000o\000d\000e\000l\000s}{section.1}% 5
\BOOKMARK [2][-]{subsection.1.3}{\376\377\000R\000e\000g\000r\000e\000s\000s\000i\000o\000n\000\040\000M\000o\000d\000e\000l\000s}{section.1}% 6
\BOOKMARK [2][-]{subsection.1.4}{\376\377\000S\000t\000a\000t\000i\000s\000t\000i\000c\000a\000l\000\040\000H\000y\000p\000o\000t\000h\000e\000s\000i\000s}{section.1}% 7
\BOOKMARK [3][-]{subsubsection.1.4.1}{\376\377\000N\000u\000l\000l\000-\000H\000y\000p\000o\000t\000h\000e\000s\000i\000s\000\040\000\044\000\040\000H\000\137\0000\000\040\000\044}{subsection.1.4}% 8
\BOOKMARK [3][-]{subsubsection.1.4.2}{\376\377\000A\000l\000t\000e\000r\000n\000a\000t\000i\000v\000e\000\040\000h\000y\000p\000o\000t\000h\000e\000s\000i\000s\000.\000\040\000\044\000\040\000H\000\137\000a\000\040\000\044}{subsection.1.4}% 9
\BOOKMARK [3][-]{subsubsection.1.4.3}{\376\377\000D\000i\000r\000e\000c\000t\000i\000o\000n\000a\000l\000\040\000H\000y\000p\000o\000t\000h\000e\000s\000i\000s}{subsection.1.4}% 10
\BOOKMARK [3][-]{subsubsection.1.4.4}{\376\377\000N\000o\000n\000-\000D\000i\000r\000e\000c\000t\000i\000o\000n\000a\000l\000\040\000H\000y\000p\000o\000t\000h\000e\000s\000i\000s}{subsection.1.4}% 11
\BOOKMARK [3][-]{subsubsection.1.4.5}{\376\377\000W\000h\000y\000\040\000n\000o\000t\000\040\000a\000c\000c\000e\000p\000t\000\040\000t\000h\000e\000\040\000N\000u\000l\000l\000-\000H\000y\000p\000o\000t\000h\000e\000s\000i\000s\000?}{subsection.1.4}% 12
\BOOKMARK [3][-]{subsubsection.1.4.6}{\376\377\000F\000a\000i\000l\000u\000r\000e\000\040\000t\000o\000\040\000R\000e\000j\000e\000c\000t\000\040\000t\000h\000e\000\040\000N\000u\000l\000l}{subsection.1.4}% 13
\BOOKMARK [3][-]{subsubsection.1.4.7}{\376\377\000E\000x\000a\000m\000p\000l\000e}{subsection.1.4}% 14
\BOOKMARK [2][-]{subsection.1.5}{\376\377\000S\000t\000a\000t\000i\000s\000t\000i\000c\000a\000l\000\040\000M\000e\000a\000s\000u\000r\000e\000s}{section.1}% 15
\BOOKMARK [3][-]{subsubsection.1.5.1}{\376\377\000Z\000\040\000S\000c\000o\000r\000e}{subsection.1.5}% 16
\BOOKMARK [3][-]{subsubsection.1.5.2}{\376\377\000C\000r\000i\000t\000i\000c\000a\000l\000\040\000V\000a\000l\000u\000e\000s\000.}{subsection.1.5}% 17
\BOOKMARK [3][-]{subsubsection.1.5.3}{\376\377\000S\000i\000g\000n\000i\000f\000i\000c\000a\000n\000c\000e\000\040\000L\000e\000v\000e\000l\000\040\000\134\000a\000l\000p\000h\000a}{subsection.1.5}% 18
\BOOKMARK [3][-]{subsubsection.1.5.4}{\376\377\000P\000\040\000V\000a\000l\000u\000e\000s}{subsection.1.5}% 19
\BOOKMARK [3][-]{subsubsection.1.5.5}{\376\377\000P\000r\000o\000b\000a\000b\000i\000l\000i\000t\000y\000\040\000D\000e\000n\000s\000i\000t\000y\000\040\000F\000u\000n\000c\000t\000i\000o\000n}{subsection.1.5}% 20
\BOOKMARK [3][-]{subsubsection.1.5.6}{\376\377\000C\000u\000m\000u\000l\000a\000t\000i\000v\000e\000\040\000D\000i\000s\000t\000r\000i\000b\000u\000t\000i\000o\000n\000\040\000F\000u\000n\000c\000t\000i\000o\000n}{subsection.1.5}% 21
\BOOKMARK [3][-]{subsubsection.1.5.7}{\376\377\000E\000m\000p\000i\000r\000i\000c\000a\000l\000\040\000D\000i\000s\000t\000r\000i\000b\000u\000t\000i\000o\000n\000\040\000F\000u\000n\000c\000t\000i\000o\000n}{subsection.1.5}% 22
\BOOKMARK [3][-]{subsubsection.1.5.8}{\376\377\000K\000u\000r\000t\000o\000s\000i\000s}{subsection.1.5}% 23
\BOOKMARK [3][-]{subsubsection.1.5.9}{\376\377\000T\000O\000D\000O\000.\000\040\000D\000e\000g\000r\000e\000e\000s\000\040\000o\000f\000\040\000F\000r\000e\000e\000d\000o\000m\000.}{subsection.1.5}% 24
\BOOKMARK [3][-]{subsubsection.1.5.10}{\376\377\000T\000O\000D\000O\000.\000\040\000C\000o\000n\000f\000i\000d\000e\000n\000c\000e\000\040\000I\000n\000t\000e\000r\000v\000a\000l\000s\000.}{subsection.1.5}% 25
\BOOKMARK [2][-]{subsection.1.6}{\376\377\000S\000t\000a\000t\000i\000s\000t\000i\000c\000a\000l\000\040\000T\000e\000s\000t\000s}{section.1}% 26
\BOOKMARK [3][-]{subsubsection.1.6.1}{\376\377\000T\000-\000T\000e\000s\000t}{subsection.1.6}% 27
\BOOKMARK [3][-]{subsubsection.1.6.2}{\376\377\000Z\000-\000T\000e\000s\000t}{subsection.1.6}% 28
\BOOKMARK [3][-]{subsubsection.1.6.3}{\376\377\000Z\000-\000T\000e\000s\000t\000\040\000v\000s\000\040\000T\000-\000t\000e\000s\000t}{subsection.1.6}% 29
\BOOKMARK [3][-]{subsubsection.1.6.4}{\376\377\000A\000n\000a\000l\000y\000s\000i\000s\000\040\000o\000f\000\040\000V\000a\000r\000i\000a\000n\000c\000e}{subsection.1.6}% 30
\BOOKMARK [3][-]{subsubsection.1.6.5}{\376\377\000N\000o\000r\000m\000a\000l\000i\000t\000y\000\040\000T\000e\000s\000t\000\040\000a\000n\000d\000\040\000G\000o\000o\000d\000n\000e\000s\000s\000\040\000o\000f\000\040\000F\000i\000t}{subsection.1.6}% 31
\BOOKMARK [3][-]{subsubsection.1.6.6}{\376\377\000C\000h\000i\000-\000S\000q\000u\000a\000r\000e\000\040\000T\000e\000s\000t}{subsection.1.6}% 32
\BOOKMARK [3][-]{subsubsection.1.6.7}{\376\377\000K\000o\000l\000m\000o\000g\000o\000r\000o\000v\000-\000S\000m\000i\000r\000n\000o\000v\000\040\000t\000e\000s\000t\000\040\000\050\000K\000-\000S\000\040\000T\000e\000s\000t\000\040\000|\000\040\000K\000S\000\040\000T\000e\000s\000t\000\051}{subsection.1.6}% 33
\BOOKMARK [3][-]{subsubsection.1.6.8}{\376\377\000S\000h\000a\000p\000i\000r\000o\000-\000W\000i\000l\000k\000\040\000T\000e\000s\000t}{subsection.1.6}% 34
\BOOKMARK [3][-]{subsubsection.1.6.9}{\376\377\000A\000n\000d\000e\000r\000s\000o\000n\000-\000D\000a\000r\000l\000i\000n\000g}{subsection.1.6}% 35
\BOOKMARK [2][-]{subsection.1.7}{\376\377\000S\000t\000a\000t\000i\000s\000t\000i\000c\000a\000l\000\040\000P\000l\000o\000t\000s}{section.1}% 36
\BOOKMARK [3][-]{subsubsection.1.7.1}{\376\377\000S\000t\000e\000m\000-\000a\000n\000d\000-\000L\000e\000a\000f\000\040\000P\000l\000o\000t}{subsection.1.7}% 37
\BOOKMARK [3][-]{subsubsection.1.7.2}{\376\377\000N\000o\000r\000m\000a\000l\000\040\000P\000r\000o\000b\000a\000b\000i\000l\000i\000t\000y\000\040\000P\000l\000o\000t\000\040\000\050\000Q\000-\000Q\000\040\000P\000l\000o\000t\000\051}{subsection.1.7}% 38
\BOOKMARK [3][-]{subsubsection.1.7.3}{\376\377\000P\000-\000P\000\040\000P\000l\000o\000t}{subsection.1.7}% 39
\BOOKMARK [3][-]{subsubsection.1.7.4}{\376\377\000K\000e\000r\000n\000e\000l\000\040\000d\000e\000n\000s\000i\000t\000y\000\040\000e\000s\000t\000i\000m\000a\000t\000i\000o\000n}{subsection.1.7}% 40
\BOOKMARK [2][-]{subsection.1.8}{\376\377\000C\000o\000r\000r\000e\000l\000a\000t\000i\000o\000n\000\040\000a\000n\000d\000\040\000A\000s\000s\000o\000c\000i\000a\000t\000i\000o\000n}{section.1}% 41
\BOOKMARK [3][-]{subsubsection.1.8.1}{\376\377\000P\000e\000a\000r\000s\000o\000n\000\040\000C\000o\000r\000r\000e\000l\000a\000t\000i\000o\000n\000\040\000C\000o\000e\000f\000f\000i\000c\000i\000e\000n\000t}{subsection.1.8}% 42
\BOOKMARK [3][-]{subsubsection.1.8.2}{\376\377\000S\000p\000e\000a\000r\000m\000a\000n\000\040\000R\000a\000n\000k\000\040\000C\000o\000r\000r\000e\000l\000a\000t\000i\000o\000n\000\040\000C\000o\000e\000f\000f\000i\000c\000i\000e\000n\000t}{subsection.1.8}% 43
\BOOKMARK [3][-]{subsubsection.1.8.3}{\376\377\000C\000o\000v\000a\000r\000i\000a\000n\000c\000e}{subsection.1.8}% 44
\BOOKMARK [2][-]{subsection.1.9}{\376\377\000T\000i\000m\000e\000\040\000S\000e\000r\000i\000e\000s\000\040\000A\000n\000a\000l\000y\000s\000i\000s}{section.1}% 45
\BOOKMARK [3][-]{subsubsection.1.9.1}{\376\377\000M\000o\000v\000i\000n\000g\000\040\000A\000v\000e\000r\000a\000g\000e\000s}{subsection.1.9}% 46
\BOOKMARK [3][-]{subsubsection.1.9.2}{\376\377\000E\000x\000p\000o\000n\000e\000n\000t\000i\000a\000l\000\040\000S\000m\000o\000o\000t\000h\000i\000n\000g}{subsection.1.9}% 47
\BOOKMARK [1][-]{section.2}{\376\377\000D\000r\000.\000\040\000W\000.\000\040\000E\000d\000w\000a\000r\000d\000s\000\040\000D\000e\000m\000i\000n\000g}{}% 48
\BOOKMARK [2][-]{subsection.2.1}{\376\377\0001\0004\000\040\000P\000o\000i\000n\000t\000s\000\040\000f\000o\000r\000\040\000M\000a\000n\000a\000g\000e\000m\000e\000n\000t}{section.2}% 49
\BOOKMARK [3][-]{subsubsection.2.1.1}{\376\377\0001\000.\000\040\000C\000r\000e\000a\000t\000e\000\040\000c\000o\000n\000s\000t\000a\000n\000c\000y\000\040\000o\000f\000\040\000p\000u\000r\000p\000o\000s\000e\000:}{subsection.2.1}% 50
\BOOKMARK [3][-]{subsubsection.2.1.2}{\376\377\0002\000.\000\040\000A\000d\000o\000p\000t\000\040\000t\000h\000e\000\040\000n\000e\000w\000\040\000p\000h\000i\000l\000o\000s\000o\000p\000h\000y\000:}{subsection.2.1}% 51
\BOOKMARK [3][-]{subsubsection.2.1.3}{\376\377\0003\000.\000\040\000C\000e\000a\000s\000e\000\040\000d\000e\000p\000e\000n\000d\000e\000n\000c\000e\000\040\000o\000n\000\040\000i\000n\000s\000p\000e\000c\000t\000i\000o\000n\000:}{subsection.2.1}% 52
\BOOKMARK [3][-]{subsubsection.2.1.4}{\376\377\0004\000.\000\040\000E\000n\000d\000\040\000t\000h\000e\000\040\000p\000r\000a\000c\000t\000i\000c\000e\000\040\000o\000f\000\040\000a\000w\000a\000r\000d\000i\000n\000g\000\040\000b\000u\000s\000i\000n\000e\000s\000s\000\040\000o\000n\000\040\000p\000r\000i\000c\000e\000\040\000a\000l\000o\000n\000e\000:}{subsection.2.1}% 53
\BOOKMARK [3][-]{subsubsection.2.1.5}{\376\377\0005\000.\000\040\000I\000m\000p\000r\000o\000v\000e\000\040\000c\000o\000n\000s\000t\000a\000n\000t\000l\000y\000\040\000a\000n\000d\000\040\000f\000o\000r\000e\000v\000e\000r\000\040\000t\000h\000e\000\040\000s\000y\000s\000t\000e\000m\000\040\000o\000f\000\040\000p\000r\000o\000d\000u\000c\000t\000i\000o\000n\000\040\000a\000n\000d\000\040\000s\000e\000r\000v\000i\000c\000e\000:}{subsection.2.1}% 54
\BOOKMARK [3][-]{subsubsection.2.1.6}{\376\377\0006\000.\000\040\000I\000n\000s\000t\000i\000t\000u\000t\000e\000\040\000t\000r\000a\000i\000n\000i\000n\000g\000:}{subsection.2.1}% 55
\BOOKMARK [3][-]{subsubsection.2.1.7}{\376\377\0007\000.\000\040\000I\000n\000s\000t\000i\000t\000u\000t\000e\000\040\000l\000e\000a\000d\000e\000r\000s\000h\000i\000p\000:}{subsection.2.1}% 56
\BOOKMARK [3][-]{subsubsection.2.1.8}{\376\377\0008\000.\000\040\000D\000r\000i\000v\000e\000\040\000o\000u\000t\000\040\000f\000e\000a\000r\000:}{subsection.2.1}% 57
\BOOKMARK [3][-]{subsubsection.2.1.9}{\376\377\0009\000.\000\040\000B\000r\000e\000a\000k\000\040\000d\000o\000w\000n\000\040\000b\000a\000r\000r\000i\000e\000r\000s\000\040\000b\000e\000t\000w\000e\000e\000n\000\040\000d\000e\000p\000a\000r\000t\000m\000e\000n\000t\000s\000:}{subsection.2.1}% 58
\BOOKMARK [3][-]{subsubsection.2.1.10}{\376\377\0001\0000\000.\000\040\000E\000l\000i\000m\000i\000n\000a\000t\000e\000\040\000s\000l\000o\000g\000a\000n\000s\000,\000\040\000e\000x\000h\000o\000r\000t\000a\000t\000i\000o\000n\000s\000,\000\040\000a\000n\000d\000\040\000t\000a\000r\000g\000e\000t\000s\000\040\000f\000o\000r\000\040\000t\000h\000e\000\040\000w\000o\000r\000k\000f\000o\000r\000c\000e\000:}{subsection.2.1}% 59
\BOOKMARK [3][-]{subsubsection.2.1.11}{\376\377\0001\0001\000.\000\040\000E\000l\000i\000m\000i\000n\000a\000t\000e\000\040\000n\000u\000m\000e\000r\000i\000c\000a\000l\000\040\000q\000u\000o\000t\000a\000s\000\040\000f\000o\000r\000\040\000t\000h\000e\000\040\000w\000o\000r\000k\000f\000o\000r\000c\000e\000\040\000a\000n\000d\000\040\000n\000u\000m\000e\000r\000i\000c\000a\000l\000\040\000g\000o\000a\000l\000s\000\040\000f\000o\000r\000\040\000m\000a\000n\000a\000g\000e\000m\000e\000n\000t\000:}{subsection.2.1}% 60
\BOOKMARK [3][-]{subsubsection.2.1.12}{\376\377\0001\0002\000.\000\040\000R\000e\000m\000o\000v\000e\000\040\000b\000a\000r\000r\000i\000e\000r\000s\000\040\000t\000o\000\040\000p\000r\000i\000d\000e\000\040\000o\000f\000\040\000w\000o\000r\000k\000m\000a\000n\000s\000h\000i\000p\000:}{subsection.2.1}% 61
\BOOKMARK [3][-]{subsubsection.2.1.13}{\376\377\0001\0003\000.\000\040\000I\000n\000s\000t\000i\000t\000u\000t\000e\000\040\000a\000\040\000v\000i\000g\000o\000r\000o\000u\000s\000\040\000p\000r\000o\000g\000r\000a\000m\000\040\000o\000f\000\040\000e\000d\000u\000c\000a\000t\000i\000o\000n\000\040\000a\000n\000d\000\040\000s\000e\000l\000f\000-\000i\000m\000p\000r\000o\000v\000e\000m\000e\000n\000t\000:}{subsection.2.1}% 62
\BOOKMARK [3][-]{subsubsection.2.1.14}{\376\377\0001\0004\000.\000\040\000P\000u\000t\000\040\000e\000v\000e\000r\000y\000b\000o\000d\000y\000\040\000i\000n\000\040\000t\000h\000e\000\040\000c\000o\000m\000p\000a\000n\000y\000\040\000t\000o\000\040\000w\000o\000r\000k\000\040\000t\000o\000\040\000a\000c\000c\000o\000m\000p\000l\000i\000s\000h\000\040\000t\000h\000e\000\040\000t\000r\000a\000n\000s\000f\000o\000r\000m\000a\000t\000i\000o\000n\000:}{subsection.2.1}% 63
\BOOKMARK [2][-]{subsection.2.2}{\376\377\000F\000i\000v\000e\000\040\000D\000e\000a\000d\000l\000y\000\040\000D\000i\000s\000e\000a\000s\000e\000s}{section.2}% 64
\BOOKMARK [3][-]{subsubsection.2.2.1}{\376\377\000L\000a\000c\000k\000\040\000o\000f\000\040\000c\000o\000n\000s\000t\000a\000n\000c\000y\000\040\000o\000f\000\040\000p\000u\000r\000p\000o\000s\000e\000:}{subsection.2.2}% 65
\BOOKMARK [3][-]{subsubsection.2.2.2}{\376\377\000E\000m\000p\000h\000a\000s\000i\000s\000\040\000o\000n\000\040\000s\000h\000o\000r\000t\000-\000t\000e\000r\000m\000\040\000p\000r\000o\000f\000i\000t\000s\000:}{subsection.2.2}% 66
\BOOKMARK [3][-]{subsubsection.2.2.3}{\376\377\000E\000v\000a\000l\000u\000a\000t\000i\000o\000n\000\040\000b\000y\000\040\000p\000e\000r\000f\000o\000r\000m\000a\000n\000c\000e\000,\000\040\000m\000e\000r\000i\000t\000\040\000r\000a\000t\000i\000n\000g\000,\000\040\000o\000r\000\040\000a\000n\000n\000u\000a\000l\000\040\000r\000e\000v\000i\000e\000w\000:}{subsection.2.2}% 67
\BOOKMARK [3][-]{subsubsection.2.2.4}{\376\377\000M\000o\000b\000i\000l\000i\000t\000y\000\040\000o\000f\000\040\000m\000a\000n\000a\000g\000e\000m\000e\000n\000t\000:}{subsection.2.2}% 68
\BOOKMARK [3][-]{subsubsection.2.2.5}{\376\377\000R\000u\000n\000n\000i\000n\000g\000\040\000a\000\040\000c\000o\000m\000p\000a\000n\000y\000\040\000o\000n\000\040\000v\000i\000s\000i\000b\000l\000e\000\040\000f\000i\000g\000u\000r\000e\000s\000\040\000a\000l\000o\000n\000e\000:}{subsection.2.2}% 69
\BOOKMARK [2][-]{subsection.2.3}{\376\377\000C\000o\000m\000m\000o\000n\000\040\000C\000a\000u\000s\000e\000s\000\040\000a\000n\000d\000\040\000S\000p\000e\000c\000i\000a\000l\000s\000\040\000C\000a\000u\000s\000e\000s\000\040\000o\000f\000\040\000I\000m\000p\000r\000o\000v\000e\000m\000e\000n\000t\000.}{section.2}% 70
\BOOKMARK [2][-]{subsection.2.4}{\376\377\000I\000m\000p\000o\000r\000t\000a\000n\000t\000\040\000c\000o\000n\000c\000e\000p\000t\000s}{section.2}% 71
\BOOKMARK [1][-]{section.3}{\376\377\000S\000t\000a\000t\000i\000s\000t\000i\000c\000a\000l\000\040\000P\000r\000o\000c\000e\000s\000s\000\040\000C\000o\000n\000t\000r\000o\000l}{}% 72
\BOOKMARK [2][-]{subsection.3.1}{\376\377\000R\000a\000t\000i\000o\000n\000a\000l\000\040\000S\000u\000b\000-\000g\000r\000o\000u\000p\000i\000n\000g}{section.3}% 73
\BOOKMARK [2][-]{subsection.3.2}{\376\377\000C\000o\000n\000t\000r\000o\000l\000\040\000C\000h\000a\000r\000t\000s}{section.3}% 74
\BOOKMARK [3][-]{subsubsection.3.2.1}{\376\377\000I\000-\000M\000R\000\040\000C\000h\000a\000r\000t\000s}{subsection.3.2}% 75
\BOOKMARK [3][-]{subsubsection.3.2.2}{\376\377\000X\000-\000B\000a\000r\000/\000R\000\040\000C\000h\000a\000r\000t}{subsection.3.2}% 76
\BOOKMARK [3][-]{subsubsection.3.2.3}{\376\377\000O\000t\000h\000e\000r\000\040\000C\000h\000a\000r\000t\000s}{subsection.3.2}% 77
\BOOKMARK [3][-]{subsubsection.3.2.4}{\376\377\000D\000i\000f\000f\000e\000r\000e\000n\000c\000e\000\040\000b\000e\000t\000w\000e\000e\000n\000\040\000S\000t\000a\000n\000d\000a\000r\000d\000\040\000d\000e\000v\000i\000a\000t\000i\000o\000n\000s\000.}{subsection.3.2}% 78
\BOOKMARK [3][-]{subsubsection.3.2.5}{\376\377\000C\000a\000p\000a\000b\000i\000l\000i\000t\000y\000\040\000I\000n\000d\000i\000c\000e\000s}{subsection.3.2}% 79
\BOOKMARK [2][-]{subsection.3.3}{\376\377\000D\000e\000s\000i\000g\000n\000\040\000o\000f\000\040\000E\000x\000p\000e\000r\000i\000m\000e\000n\000t\000s}{section.3}% 80
\BOOKMARK [3][-]{subsubsection.3.3.1}{\376\377\000F\000u\000l\000l\000\040\000F\000a\000c\000t\000o\000r\000i\000a\000l\000\040\000D\000e\000s\000i\000g\000n\000s}{subsection.3.3}% 81
\BOOKMARK [3][-]{subsubsection.3.3.2}{\376\377\000F\000r\000a\000c\000t\000i\000o\000n\000a\000l\000\040\000F\000a\000c\000t\000o\000r\000i\000a\000l\000\040\000D\000e\000s\000i\000g\000n\000s}{subsection.3.3}% 82
\BOOKMARK [3][-]{subsubsection.3.3.3}{\376\377\000R\000e\000s\000p\000o\000n\000s\000e\000\040\000S\000u\000r\000f\000a\000c\000e\000\040\000D\000e\000s\000i\000g\000n\000s}{subsection.3.3}% 83
\BOOKMARK [2][-]{subsection.3.4}{\376\377\000S\000t\000a\000t\000i\000s\000t\000i\000c\000a\000l\000\040\000P\000r\000o\000c\000e\000s\000s\000\040\000M\000o\000n\000i\000t\000o\000r\000i\000n\000g}{section.3}% 84
\BOOKMARK [3][-]{subsubsection.3.4.1}{\376\377\000M\000o\000n\000i\000t\000o\000r\000i\000n\000g\000\040\000P\000r\000o\000c\000e\000s\000s\000\040\000S\000t\000a\000b\000i\000l\000i\000t\000y}{subsection.3.4}% 85
\BOOKMARK [3][-]{subsubsection.3.4.2}{\376\377\000D\000e\000t\000e\000c\000t\000i\000n\000g\000\040\000P\000r\000o\000c\000e\000s\000s\000\040\000C\000h\000a\000n\000g\000e\000s}{subsection.3.4}% 86
\BOOKMARK [1][-]{section.4}{\376\377\000Q\000u\000a\000l\000i\000t\000y\000\040\000C\000o\000s\000t\000s}{}% 87
\BOOKMARK [2][-]{subsection.4.1}{\376\377\000T\000a\000g\000u\000c\000h\000i\000\040\000Q\000u\000a\000l\000i\000t\000y\000\040\000L\000o\000s\000s\000\040\000F\000u\000n\000c\000t\000i\000o\000n\000\040\000\050\000Q\000L\000F\000\051\000\040\000a\000n\000d\000\040\000t\000h\000e\000\040\000h\000i\000d\000d\000e\000n\000\040\000c\000o\000s\000t\000s\000\040\000o\000f\000\040\000q\000u\000a\000l\000i\000t\000y}{section.4}% 88
\BOOKMARK [2][-]{subsection.4.2}{\376\377\000Q\000u\000a\000l\000i\000t\000y\000\040\000C\000o\000s\000t\000\040\000B\000a\000s\000e\000s}{section.4}% 89
\BOOKMARK [2][-]{subsection.4.3}{\376\377\000T\000r\000e\000n\000d\000\040\000A\000n\000a\000l\000y\000s\000i\000s\000\040\000a\000n\000d\000\040\000t\000h\000e\000\040\000I\000m\000p\000r\000o\000v\000e\000m\000e\000n\000t\000\040\000P\000r\000o\000c\000e\000s\000s}{section.4}% 90
\BOOKMARK [1][-]{section.5}{\376\377\000D\000M\000A\000I\000C}{}% 91
\BOOKMARK [2][-]{subsection.5.1}{\376\377\000D\000e\000f\000i\000n\000e}{section.5}% 92
\BOOKMARK [2][-]{subsection.5.2}{\376\377\000M\000e\000a\000s\000u\000r\000e}{section.5}% 93
\BOOKMARK [2][-]{subsection.5.3}{\376\377\000A\000n\000a\000l\000y\000z\000e}{section.5}% 94
\BOOKMARK [2][-]{subsection.5.4}{\376\377\000I\000m\000p\000r\000o\000v\000e}{section.5}% 95
\BOOKMARK [2][-]{subsection.5.5}{\376\377\000C\000o\000n\000t\000r\000o\000l}{section.5}% 96
